{"E:\\react-lessons\\test-study\\components\\add.js": {"path":"E:\\react-lessons\\test-study\\components\\add.js","statementMap":{"0":{"start":{"line":2,"column":2},"end":{"line":2,"column":12}},"1":{"start":{"line":6,"column":12},"end":{"line":6,"column":14}},"2":{"start":{"line":7,"column":2},"end":{"line":9,"column":3}},"3":{"start":{"line":7,"column":13},"end":{"line":7,"column":14}},"4":{"start":{"line":8,"column":4},"end":{"line":8,"column":30}},"5":{"start":{"line":10,"column":2},"end":{"line":10,"column":12}}},"fnMap":{"0":{"name":"add","decl":{"start":{"line":1,"column":24},"end":{"line":1,"column":27}},"loc":{"start":{"line":1,"column":33},"end":{"line":3,"column":1}},"line":1},"1":{"name":"reverse","decl":{"start":{"line":5,"column":16},"end":{"line":5,"column":23}},"loc":{"start":{"line":5,"column":29},"end":{"line":11,"column":1}},"line":5}},"branchMap":{},"s":{"0":1,"1":1,"2":1,"3":1,"4":3,"5":1},"f":{"0":1,"1":1},"b":{},"_coverageSchema":"43e27e138ebf9cfc5966b082cf9a028302ed4184","hash":"a249ce19724e6c5500585281f2cc928d918db9ba"}
,"E:\\react-lessons\\test-study\\components\\button.js": {"path":"E:\\react-lessons\\test-study\\components\\button.js","statementMap":{"0":{"start":{"line":5,"column":10},"end":{"line":7,"column":3}},"1":{"start":{"line":10,"column":4},"end":{"line":18,"column":6}},"2":{"start":{"line":13,"column":10},"end":{"line":15,"column":12}}},"fnMap":{"0":{"name":"(anonymous_0)","decl":{"start":{"line":9,"column":2},"end":{"line":9,"column":3}},"loc":{"start":{"line":9,"column":11},"end":{"line":19,"column":3}},"line":9},"1":{"name":"(anonymous_1)","decl":{"start":{"line":12,"column":25},"end":{"line":12,"column":26}},"loc":{"start":{"line":12,"column":30},"end":{"line":16,"column":9}},"line":12}},"branchMap":{},"s":{"0":1,"1":2,"2":1},"f":{"0":2,"1":1},"b":{},"_coverageSchema":"43e27e138ebf9cfc5966b082cf9a028302ed4184","hash":"9d8f56e91aeb0c15ba8209a4bb3932ff5d3426a8"}
,"E:\\react-lessons\\test-study\\components\\hello.js": {"path":"E:\\react-lessons\\test-study\\components\\hello.js","statementMap":{"0":{"start":{"line":6,"column":4},"end":{"line":6,"column":29}},"1":{"start":{"line":7,"column":4},"end":{"line":7,"column":17}},"2":{"start":{"line":11,"column":4},"end":{"line":15,"column":6}}},"fnMap":{"0":{"name":"(anonymous_0)","decl":{"start":{"line":5,"column":2},"end":{"line":5,"column":3}},"loc":{"start":{"line":5,"column":9},"end":{"line":8,"column":3}},"line":5},"1":{"name":"(anonymous_1)","decl":{"start":{"line":10,"column":2},"end":{"line":10,"column":3}},"loc":{"start":{"line":10,"column":11},"end":{"line":16,"column":3}},"line":10}},"branchMap":{},"s":{"0":1,"1":1,"2":1},"f":{"0":1,"1":1},"b":{},"_coverageSchema":"43e27e138ebf9cfc5966b082cf9a028302ed4184","hash":"45b871da560fe7e2d42d69d3e45e3ed8f1054147"}
,"E:\\react-lessons\\test-study\\components\\hello2.js": {"path":"E:\\react-lessons\\test-study\\components\\hello2.js","statementMap":{"0":{"start":{"line":6,"column":4},"end":{"line":6,"column":29}},"1":{"start":{"line":7,"column":4},"end":{"line":7,"column":17}},"2":{"start":{"line":11,"column":4},"end":{"line":15,"column":6}}},"fnMap":{"0":{"name":"(anonymous_0)","decl":{"start":{"line":5,"column":2},"end":{"line":5,"column":3}},"loc":{"start":{"line":5,"column":9},"end":{"line":8,"column":3}},"line":5},"1":{"name":"(anonymous_1)","decl":{"start":{"line":10,"column":2},"end":{"line":10,"column":3}},"loc":{"start":{"line":10,"column":11},"end":{"line":16,"column":3}},"line":10}},"branchMap":{},"s":{"0":0,"1":0,"2":0},"f":{"0":0,"1":0},"b":{},"hash":"d006f3923f6c16d1f9b72280235a69fa8567a82f"}
,"E:\\react-lessons\\test-study\\components\\input.js": {"path":"E:\\react-lessons\\test-study\\components\\input.js","statementMap":{"0":{"start":{"line":5,"column":10},"end":{"line":7,"column":3}},"1":{"start":{"line":10,"column":4},"end":{"line":16,"column":6}},"2":{"start":{"line":13,"column":10},"end":{"line":13,"column":38}}},"fnMap":{"0":{"name":"(anonymous_0)","decl":{"start":{"line":9,"column":2},"end":{"line":9,"column":3}},"loc":{"start":{"line":9,"column":11},"end":{"line":17,"column":3}},"line":9},"1":{"name":"(anonymous_1)","decl":{"start":{"line":12,"column":25},"end":{"line":12,"column":26}},"loc":{"start":{"line":12,"column":30},"end":{"line":14,"column":9}},"line":12}},"branchMap":{},"s":{"0":0,"1":0,"2":0},"f":{"0":0,"1":0},"b":{},"hash":"e49f11154a9c5d55944a3c89f1ea52c100827531"}
,"E:\\react-lessons\\test-study\\components\\link.js": {"path":"E:\\react-lessons\\test-study\\components\\link.js","statementMap":{"0":{"start":{"line":4,"column":15},"end":{"line":7,"column":1}},"1":{"start":{"line":11,"column":4},"end":{"line":11,"column":17}},"2":{"start":{"line":13,"column":4},"end":{"line":13,"column":55}},"3":{"start":{"line":14,"column":4},"end":{"line":14,"column":55}},"4":{"start":{"line":16,"column":4},"end":{"line":18,"column":6}},"5":{"start":{"line":22,"column":4},"end":{"line":22,"column":43}},"6":{"start":{"line":26,"column":4},"end":{"line":26,"column":42}},"7":{"start":{"line":30,"column":4},"end":{"line":39,"column":6}}},"fnMap":{"0":{"name":"(anonymous_0)","decl":{"start":{"line":10,"column":2},"end":{"line":10,"column":3}},"loc":{"start":{"line":10,"column":21},"end":{"line":19,"column":3}},"line":10},"1":{"name":"(anonymous_1)","decl":{"start":{"line":21,"column":2},"end":{"line":21,"column":3}},"loc":{"start":{"line":21,"column":18},"end":{"line":23,"column":3}},"line":21},"2":{"name":"(anonymous_2)","decl":{"start":{"line":25,"column":2},"end":{"line":25,"column":3}},"loc":{"start":{"line":25,"column":18},"end":{"line":27,"column":3}},"line":25},"3":{"name":"(anonymous_3)","decl":{"start":{"line":29,"column":2},"end":{"line":29,"column":3}},"loc":{"start":{"line":29,"column":11},"end":{"line":40,"column":3}},"line":29}},"branchMap":{"0":{"loc":{"start":{"line":33,"column":14},"end":{"line":33,"column":36}},"type":"binary-expr","locations":[{"start":{"line":33,"column":14},"end":{"line":33,"column":29}},{"start":{"line":33,"column":33},"end":{"line":33,"column":36}}],"line":33}},"s":{"0":0,"1":0,"2":0,"3":0,"4":0,"5":0,"6":0,"7":0},"f":{"0":0,"1":0,"2":0,"3":0},"b":{"0":[0,0]},"hash":"d896f1d7cf33acbab125060ca9b1267582429309"}
}
